<?xml version="1.0" encoding="UTF-8"?>
<!-- Generated by org.testng.reporters.JUnitReportReporter -->
<testsuite hostname="DESKTOP-KLR9FV2" failures="0" tests="2" name="com.dvops.selenium_maven.eclipse.NewTest" time="4.917" errors="0" timestamp="2022-12-21T11:45:45 SGT" skipped="0">
  <testcase classname="com.dvops.selenium_maven.eclipse.NewTest" name="checkId" time="4.083"/>
  <system-out/>
  <testcase classname="com.dvops.selenium_maven.eclipse.NewTest" name="checkTitle" time="0.834"/>
  <system-out/>
</testsuite> <!-- com.dvops.selenium_maven.eclipse.NewTest -->
