<?xml version="1.0" encoding="UTF-8"?>
<!-- Generated by org.testng.reporters.JUnitReportReporter -->
<testsuite hostname="DESKTOP-KLR9FV2" failures="0" tests="12" name="com.dvops.selenium_maven.eclipse.NewTest" time="51.891" errors="0" timestamp="2023-02-02T02:51:39 SGT" skipped="0">
  <testcase classname="com.dvops.selenium_maven.eclipse.NewTest" name="getOneGame" time="3.282"/>
  <system-out/>
  <testcase classname="com.dvops.selenium_maven.eclipse.NewTest" name="register" time="3.087"/>
  <system-out/>
  <testcase classname="com.dvops.selenium_maven.eclipse.NewTest" name="loginFail" time="2.253"/>
  <system-out/>
  <testcase classname="com.dvops.selenium_maven.eclipse.NewTest" name="logout" time="7.166"/>
  <system-out/>
  <testcase classname="com.dvops.selenium_maven.eclipse.NewTest" name="getProfile" time="5.456"/>
  <system-out/>
  <testcase classname="com.dvops.selenium_maven.eclipse.NewTest" name="login" time="4.198"/>
  <system-out/>
  <testcase classname="com.dvops.selenium_maven.eclipse.NewTest" name="getGames" time="7.170"/>
  <system-out/>
  <testcase classname="com.dvops.selenium_maven.eclipse.NewTest" name="checkId" time="6.313"/>
  <system-out/>
  <testcase classname="com.dvops.selenium_maven.eclipse.NewTest" name="checkTitle" time="0.382"/>
  <system-out/>
  <testcase classname="com.dvops.selenium_maven.eclipse.NewTest" name="getReviews1" time="2.894"/>
  <system-out/>
  <testcase classname="com.dvops.selenium_maven.eclipse.NewTest" name="getReviews2" time="2.615"/>
  <system-out/>
  <testcase classname="com.dvops.selenium_maven.eclipse.NewTest" name="addEditDeleteReview" time="7.075"/>
  <system-out/>
</testsuite> <!-- com.dvops.selenium_maven.eclipse.NewTest -->
