<?xml version="1.0" encoding="UTF-8"?>
<!-- Generated by org.testng.reporters.JUnitReportReporter -->
<testsuite hostname="DESKTOP-KLR9FV2" failures="0" tests="12" name="com.dvops.selenium_maven.eclipse.NewTest" time="99.381" errors="0" timestamp="2023-02-02T12:53:44 SGT" skipped="0">
  <testcase classname="com.dvops.selenium_maven.eclipse.NewTest" name="checkTitle" time="0.501"/>
  <system-out/>
  <testcase classname="com.dvops.selenium_maven.eclipse.NewTest" name="getGames" time="11.120"/>
  <system-out/>
  <testcase classname="com.dvops.selenium_maven.eclipse.NewTest" name="getProfile" time="11.396"/>
  <system-out/>
  <testcase classname="com.dvops.selenium_maven.eclipse.NewTest" name="addEditDeleteReview" time="7.325"/>
  <system-out/>
  <testcase classname="com.dvops.selenium_maven.eclipse.NewTest" name="login" time="10.394"/>
  <system-out/>
  <testcase classname="com.dvops.selenium_maven.eclipse.NewTest" name="getReviews1" time="4.327"/>
  <system-out/>
  <testcase classname="com.dvops.selenium_maven.eclipse.NewTest" name="getReviews2" time="5.677"/>
  <system-out/>
  <testcase classname="com.dvops.selenium_maven.eclipse.NewTest" name="checkId" time="5.264"/>
  <system-out/>
  <testcase classname="com.dvops.selenium_maven.eclipse.NewTest" name="loginFail" time="2.646"/>
  <system-out/>
  <testcase classname="com.dvops.selenium_maven.eclipse.NewTest" name="logout" time="29.664"/>
  <system-out/>
  <testcase classname="com.dvops.selenium_maven.eclipse.NewTest" name="getOneGame" time="6.887"/>
  <system-out/>
  <testcase classname="com.dvops.selenium_maven.eclipse.NewTest" name="register" time="4.180"/>
  <system-out/>
</testsuite> <!-- com.dvops.selenium_maven.eclipse.NewTest -->
