<?xml version="1.0" encoding="UTF-8"?>
<!-- Generated by org.testng.reporters.JUnitReportReporter -->
<testsuite hostname="DESKTOP-KLR9FV2" failures="0" tests="2" name="com.dvops.selenium_maven.eclipse.NewTest" time="3.945" errors="0" timestamp="2022-12-21T03:13:49 SGT" skipped="0">
  <testcase classname="com.dvops.selenium_maven.eclipse.NewTest" name="checkId" time="3.398"/>
  <system-out/>
  <testcase classname="com.dvops.selenium_maven.eclipse.NewTest" name="checkTitle" time="0.547"/>
  <system-out/>
</testsuite> <!-- com.dvops.selenium_maven.eclipse.NewTest -->
