<?xml version="1.0" encoding="UTF-8"?>
<!-- Generated by org.testng.reporters.JUnitReportReporter -->
<testsuite hostname="DESKTOP-KLR9FV2" failures="0" tests="2" name="com.dvops.selenium_maven.eclipse.NewTest" time="3.672" errors="0" timestamp="2022-12-18T17:51:50 SGT" skipped="0">
  <testcase classname="com.dvops.selenium_maven.eclipse.NewTest" name="checkId" time="1.018"/>
  <system-out/>
  <testcase classname="com.dvops.selenium_maven.eclipse.NewTest" name="checkTitle" time="2.654"/>
  <system-out/>
</testsuite> <!-- com.dvops.selenium_maven.eclipse.NewTest -->
